<?xml version="1.0" encoding="UTF-8"?>
<!-- Generated by org.testng.reporters.JUnitReportReporter -->
<testsuite hostname="jyurova-spb" name="com.example.tests.GroupCreationTests" tests="2" failures="0" timestamp="9 Jul 2015 10:05:13 GMT" time="9.670" errors="0">
  <testcase name="testEmptyGroupCreation" time="7.444" classname="com.example.tests.GroupCreationTests"/>
  <testcase name="testNonEmptyGroupCreation" time="2.226" classname="com.example.tests.GroupCreationTests"/>
</testsuite> <!-- com.example.tests.GroupCreationTests -->
