<?xml version="1.0" encoding="UTF-8"?>
<!-- Generated by org.testng.reporters.JUnitReportReporter -->
<testsuite hostname="jyurova-spb" name="com.example.tests.AlsoGroupCreationTests" tests="2" failures="0" timestamp="3 Jul 2015 16:40:53 GMT" time="2.173" errors="0">
  <testcase name="testEmptyGroupCreation" time="1.043" classname="com.example.tests.AlsoGroupCreationTests"/>
  <testcase name="testNonEmptyGroupCreation" time="1.130" classname="com.example.tests.AlsoGroupCreationTests"/>
</testsuite> <!-- com.example.tests.AlsoGroupCreationTests -->
