<?xml version="1.0" encoding="UTF-8"?>
<!-- Generated by org.testng.reporters.JUnitReportReporter -->
<testsuite hostname="jyurova-spb" name="com.example.tests.AlsoGroupCreationTests" tests="2" failures="0" timestamp="3 Jul 2015 14:55:20 GMT" time="1.971" errors="0">
  <testcase name="testNonEmptyGroupCreation" time="0.997" classname="com.example.tests.AlsoGroupCreationTests"/>
  <testcase name="testEmptyGroupCreation" time="0.974" classname="com.example.tests.AlsoGroupCreationTests"/>
</testsuite> <!-- com.example.tests.AlsoGroupCreationTests -->
