<?xml version="1.0" encoding="UTF-8"?>
<!-- Generated by org.testng.reporters.JUnitReportReporter -->
<testsuite hostname="jyurova-spb" name="com.example.tests.AlsoGroupCreationTests" tests="2" failures="0" timestamp="3 Jul 2015 14:29:12 GMT" time="2.599" errors="0">
  <testcase name="testNonEmptyGroupCreation" time="1.604" classname="com.example.tests.AlsoGroupCreationTests"/>
  <testcase name="testEmptyGroupCreation" time="0.995" classname="com.example.tests.AlsoGroupCreationTests"/>
</testsuite> <!-- com.example.tests.AlsoGroupCreationTests -->
