<?xml version="1.0" encoding="UTF-8"?>
<!-- Generated by org.testng.reporters.JUnitReportReporter -->
<testsuite hostname="jyurova-spb" name="com.example.tests.NewContact" tests="2" failures="0" timestamp="3 Jul 2015 16:40:53 GMT" time="5.149" errors="0">
  <testcase name="testNewContactEmpty" time="2.123" classname="com.example.tests.NewContact"/>
  <testcase name="testNewContactNonEmpty" time="3.026" classname="com.example.tests.NewContact"/>
</testsuite> <!-- com.example.tests.NewContact -->
