<?xml version="1.0" encoding="UTF-8"?>
<!-- Generated by org.testng.reporters.JUnitReportReporter -->
<testsuite hostname="jyurova-spb" name="com.example.tests.AlsoGroupCreationTests" tests="2" failures="0" timestamp="9 Jul 2015 16:25:05 GMT" time="4.662" errors="0">
  <testcase name="testEmptyGroupCreation" time="1.955" classname="com.example.tests.AlsoGroupCreationTests"/>
  <testcase name="testNonEmptyGroupCreation" time="2.707" classname="com.example.tests.AlsoGroupCreationTests"/>
</testsuite> <!-- com.example.tests.AlsoGroupCreationTests -->
