<?xml version="1.0" encoding="UTF-8"?>
<!-- Generated by org.testng.reporters.JUnitReportReporter -->
<testsuite hostname="jyurova-spb" name="com.example.tests.NewContact" tests="1" failures="0" timestamp="18 Aug 2015 14:39:07 GMT" time="3.577" errors="0">
  <testcase name="testNonEmptyContactCreation" time="3.577" classname="com.example.tests.NewContact"/>
</testsuite> <!-- com.example.tests.NewContact -->
