<?xml version="1.0" encoding="UTF-8"?>
<!-- Generated by org.testng.reporters.JUnitReportReporter -->
<testsuite hostname="jyurova-spb" name="com.example.tests.GroupCreationTests" tests="2" failures="0" timestamp="9 Jul 2015 16:25:37 GMT" time="3.637" errors="0">
  <testcase name="testEmptyGroupCreation" time="2.290" classname="com.example.tests.GroupCreationTests"/>
  <testcase name="testNonEmptyGroupCreation" time="1.347" classname="com.example.tests.GroupCreationTests"/>
</testsuite> <!-- com.example.tests.GroupCreationTests -->
