<?xml version="1.0" encoding="UTF-8"?>
<!-- Generated by org.testng.reporters.JUnitReportReporter -->
<testsuite hostname="jyurova-spb" name="com.example.tests.GroupCreationTests" tests="2" failures="0" timestamp="3 Jul 2015 14:55:20 GMT" time="3.232" errors="0">
  <testcase name="testEmptyGroupCreation" time="1.220" classname="com.example.tests.GroupCreationTests"/>
  <testcase name="testNonEmptyGroupCreation" time="2.012" classname="com.example.tests.GroupCreationTests"/>
</testsuite> <!-- com.example.tests.GroupCreationTests -->
